    1024	   8	       128	    22.784 MegaMultsPerSecond
    1024	  16	        64	    21.925 MegaMultsPerSecond
    1024	  32	        32	    22.287 MegaMultsPerSecond
    1024	  64	        16	    22.243 MegaMultsPerSecond
    1024	 128	         8	    22.613 MegaMultsPerSecond
    1024	 256	         4	    22.268 MegaMultsPerSecond
    1024	 512	         2	    22.889 MegaMultsPerSecond
    8192	   8	      1024	   155.191 MegaMultsPerSecond
    8192	  16	       512	   174.166 MegaMultsPerSecond
    8192	  32	       256	   179.125 MegaMultsPerSecond
    8192	  64	       128	   173.668 MegaMultsPerSecond
    8192	 128	        64	   177.706 MegaMultsPerSecond
    8192	 256	        32	   185.509 MegaMultsPerSecond
    8192	 512	        16	   159.743 MegaMultsPerSecond
   65536	   8	      8192	  1132.168 MegaMultsPerSecond
   65536	  16	      4096	  1165.586 MegaMultsPerSecond
   65536	  32	      2048	  1315.771 MegaMultsPerSecond
   65536	  64	      1024	  1397.148 MegaMultsPerSecond
   65536	 128	       512	  1406.109 MegaMultsPerSecond
   65536	 256	       256	  1258.990 MegaMultsPerSecond
   65536	 512	       128	  1251.489 MegaMultsPerSecond
  262144	   8	     32768	   888.278 MegaMultsPerSecond
  262144	  16	     16384	   966.497 MegaMultsPerSecond
  262144	  32	      8192	  1039.063 MegaMultsPerSecond
  262144	  64	      4096	  1056.227 MegaMultsPerSecond
  262144	 128	      2048	  1199.241 MegaMultsPerSecond
  262144	 256	      1024	  1066.492 MegaMultsPerSecond
  262144	 512	       512	  1091.001 MegaMultsPerSecond
 1048576	   8	    131072	  2253.273 MegaMultsPerSecond
 1048576	  16	     65536	   476.060 MegaMultsPerSecond
 1048576	  32	     32768	  3576.261 MegaMultsPerSecond
 1048576	  64	     16384	  3889.038 MegaMultsPerSecond
 1048576	 128	      8192	  3997.756 MegaMultsPerSecond
 1048576	 256	      4096	    51.569 MegaMultsPerSecond
 1048576	 512	      2048	  4458.162 MegaMultsPerSecond
 2097152	   8	    262144	   557.666 MegaMultsPerSecond
 2097152	  16	    131072	    93.563 MegaMultsPerSecond
 2097152	  32	     65536	   180.753 MegaMultsPerSecond
 2097152	  64	     32768	  7694.384 MegaMultsPerSecond
 2097152	 128	     16384	   143.165 MegaMultsPerSecond
 2097152	 256	      8192	  4868.862 MegaMultsPerSecond
 2097152	 512	      4096	    92.146 MegaMultsPerSecond
 4194304	   8	    524288	   305.167 MegaMultsPerSecond
 4194304	  16	    262144	   461.173 MegaMultsPerSecond
 4194304	  32	    131072	  2075.709 MegaMultsPerSecond
 4194304	  64	     65536	  6893.796 MegaMultsPerSecond
 4194304	 128	     32768	 11808.105 MegaMultsPerSecond
 4194304	 256	     16384	 10240.877 MegaMultsPerSecond
 4194304	 512	      8192	 10479.410 MegaMultsPerSecond
 8388608	   8	   1048576	  2549.880 MegaMultsPerSecond
 8388608	  16	    524288	  7306.596 MegaMultsPerSecond
 8388608	  32	    262144	  9284.365 MegaMultsPerSecond
 8388608	  64	    131072	   388.644 MegaMultsPerSecond
 8388608	 128	     65536	 18160.298 MegaMultsPerSecond
 8388608	 256	     32768	 21554.718 MegaMultsPerSecond
 8388608	 512	     16384	 19553.578 MegaMultsPerSecond
