    1024	   8	       128	    18.773 MegaMultsPerSecond
    1024	  16	        64	    23.387 MegaMultsPerSecond
    1024	  32	        32	    22.282 MegaMultsPerSecond
    1024	  64	        16	    23.237 MegaMultsPerSecond
    1024	 128	         8	    17.387 MegaMultsPerSecond
    1024	 256	         4	    21.161 MegaMultsPerSecond
    1024	 512	         2	    20.697 MegaMultsPerSecond
    8192	   8	      1024	   179.894 MegaMultsPerSecond
    8192	  16	       512	   162.367 MegaMultsPerSecond
    8192	  32	       256	   183.573 MegaMultsPerSecond
    8192	  64	       128	   180.964 MegaMultsPerSecond
    8192	 128	        64	   181.221 MegaMultsPerSecond
    8192	 256	        32	   179.417 MegaMultsPerSecond
    8192	 512	        16	   157.481 MegaMultsPerSecond
   65536	   8	      8192	  1096.906 MegaMultsPerSecond
   65536	  16	      4096	  1256.607 MegaMultsPerSecond
   65536	  32	      2048	  1173.380 MegaMultsPerSecond
   65536	  64	      1024	  1386.740 MegaMultsPerSecond
   65536	 128	       512	  1418.868 MegaMultsPerSecond
   65536	 256	       256	  1461.236 MegaMultsPerSecond
   65536	 512	       128	  1275.906 MegaMultsPerSecond
  262144	   8	     32768	   930.096 MegaMultsPerSecond
  262144	  16	     16384	  1001.437 MegaMultsPerSecond
  262144	  32	      8192	  1056.754 MegaMultsPerSecond
  262144	  64	      4096	  1071.832 MegaMultsPerSecond
  262144	 128	      2048	  1121.102 MegaMultsPerSecond
  262144	 256	      1024	   923.350 MegaMultsPerSecond
  262144	 512	       512	  1109.182 MegaMultsPerSecond
 1048576	   8	    131072	  2171.770 MegaMultsPerSecond
 1048576	  16	     65536	  3091.824 MegaMultsPerSecond
 1048576	  32	     32768	  3727.960 MegaMultsPerSecond
 1048576	  64	     16384	  3571.972 MegaMultsPerSecond
 1048576	 128	      8192	  4030.644 MegaMultsPerSecond
 1048576	 256	      4096	  4193.436 MegaMultsPerSecond
 1048576	 512	      2048	  4200.210 MegaMultsPerSecond
 2097152	   8	    262144	  3113.571 MegaMultsPerSecond
 2097152	  16	    131072	  4614.826 MegaMultsPerSecond
 2097152	  32	     65536	  5578.622 MegaMultsPerSecond
 2097152	  64	     32768	  7050.160 MegaMultsPerSecond
 2097152	 128	     16384	  7376.348 MegaMultsPerSecond
 2097152	 256	      8192	  7723.625 MegaMultsPerSecond
 2097152	 512	      4096	  7558.658 MegaMultsPerSecond
 4194304	   8	    524288	  3690.226 MegaMultsPerSecond
 4194304	  16	    262144	  5657.561 MegaMultsPerSecond
 4194304	  32	    131072	  8521.636 MegaMultsPerSecond
 4194304	  64	     65536	 11100.457 MegaMultsPerSecond
 4194304	 128	     32768	 12423.483 MegaMultsPerSecond
 4194304	 256	     16384	 10856.521 MegaMultsPerSecond
 4194304	 512	      8192	 12173.273 MegaMultsPerSecond
 8388608	   8	   1048576	  4024.406 MegaMultsPerSecond
 8388608	  16	    524288	  6738.138 MegaMultsPerSecond
 8388608	  32	    262144	 10579.541 MegaMultsPerSecond
 8388608	  64	    131072	 15078.722 MegaMultsPerSecond
 8388608	 128	     65536	 18106.051 MegaMultsPerSecond
 8388608	 256	     32768	 16721.027 MegaMultsPerSecond
 8388608	 512	     16384	 17990.579 MegaMultsPerSecond
