    1024	   8	       128	    21.893 MegaMultsPerSecond
    1024	  16	        64	    19.962 MegaMultsPerSecond
    1024	  32	        32	    20.943 MegaMultsPerSecond
    1024	  64	        16	    21.726 MegaMultsPerSecond
    1024	 128	         8	    20.745 MegaMultsPerSecond
    1024	 256	         4	    22.610 MegaMultsPerSecond
    1024	 512	         2	    20.580 MegaMultsPerSecond
    8192	   8	      1024	   170.917 MegaMultsPerSecond
    8192	  16	       512	   183.527 MegaMultsPerSecond
    8192	  32	       256	   159.399 MegaMultsPerSecond
    8192	  64	       128	   181.771 MegaMultsPerSecond
    8192	 128	        64	   162.755 MegaMultsPerSecond
    8192	 256	        32	   179.979 MegaMultsPerSecond
    8192	 512	        16	   180.792 MegaMultsPerSecond
   65536	   8	      8192	  1126.260 MegaMultsPerSecond
   65536	  16	      4096	  1213.443 MegaMultsPerSecond
   65536	  32	      2048	  1210.603 MegaMultsPerSecond
   65536	  64	      1024	  1421.706 MegaMultsPerSecond
   65536	 128	       512	  1406.447 MegaMultsPerSecond
   65536	 256	       256	  1416.611 MegaMultsPerSecond
   65536	 512	       128	  1230.954 MegaMultsPerSecond
  262144	   8	     32768	  2611.788 MegaMultsPerSecond
  262144	  16	     16384	  3623.333 MegaMultsPerSecond
  262144	  32	      8192	  4573.482 MegaMultsPerSecond
  262144	  64	      4096	  5004.000 MegaMultsPerSecond
  262144	 128	      2048	  5383.887 MegaMultsPerSecond
  262144	 256	      1024	  5432.412 MegaMultsPerSecond
  262144	 512	       512	  5343.920 MegaMultsPerSecond
 1048576	   8	    131072	  2345.068 MegaMultsPerSecond
 1048576	  16	     65536	  3085.427 MegaMultsPerSecond
 1048576	  32	     32768	  3327.796 MegaMultsPerSecond
 1048576	  64	     16384	  4047.015 MegaMultsPerSecond
 1048576	 128	      8192	  4147.266 MegaMultsPerSecond
 1048576	 256	      4096	  4062.714 MegaMultsPerSecond
 1048576	 512	      2048	  4163.015 MegaMultsPerSecond
 2097152	   8	    262144	  3129.647 MegaMultsPerSecond
 2097152	  16	    131072	  4556.344 MegaMultsPerSecond
 2097152	  32	     65536	  5966.914 MegaMultsPerSecond
 2097152	  64	     32768	  7005.982 MegaMultsPerSecond
 2097152	 128	     16384	  7138.645 MegaMultsPerSecond
 2097152	 256	      8192	  7463.631 MegaMultsPerSecond
 2097152	 512	      4096	  7526.421 MegaMultsPerSecond
 4194304	   8	    524288	  3570.876 MegaMultsPerSecond
 4194304	  16	    262144	  5848.223 MegaMultsPerSecond
 4194304	  32	    131072	  8757.437 MegaMultsPerSecond
 4194304	  64	     65536	 10798.937 MegaMultsPerSecond
 4194304	 128	     32768	 10772.358 MegaMultsPerSecond
 4194304	 256	     16384	 11913.150 MegaMultsPerSecond
 4194304	 512	      8192	 11434.722 MegaMultsPerSecond
 8388608	   8	   1048576	  4002.540 MegaMultsPerSecond
 8388608	  16	    524288	  6795.025 MegaMultsPerSecond
 8388608	  32	    262144	 10517.293 MegaMultsPerSecond
 8388608	  64	    131072	 14672.669 MegaMultsPerSecond
 8388608	 128	     65536	 16095.839 MegaMultsPerSecond
 8388608	 256	     32768	 15862.074 MegaMultsPerSecond
 8388608	 512	     16384	 16005.031 MegaMultsPerSecond
